FlashPro
Version: 11.9.0.4
Release: v11.9

Software Version: 11.9.0.4
PDB file
'C:\Users\sradha\Desktop\DigitalSixthSenseUpdate\designer\impl1\audio_mss_fp\audio_mss.pdb' has
been loaded successfully.
DESIGN : audio_mss;  CHECKSUM : F1DA;  PDB_VERSION : 1.9
Driver : 3.0.0 build 1
programmer '80258' : FlashPro3
Opened
'C:\Users\sradha\Desktop\DigitalSixthSenseUpdate\designer\impl1\audio_mss_fp\audio_mss.pro'
The 'open_project' command succeeded.
The 'set_programming_file' command succeeded.
The 'set_device_type' command succeeded.
The 'set_device_package' command succeeded.
Info: Adding Flash Memory data from file
      C:\Users\sradha\Desktop\DigitalSixthSenseUpdate\component\work\audio_mss\MSS_ENVM_0\MSS_E\
      NVM_0.efc.
Info: Adding FPGA Array data from file
      C:\Users\sradha\Desktop\DigitalSixthSenseUpdate\designer\impl1\audio_mss.fdb.
PDB file
'C:\Users\sradha\Desktop\DigitalSixthSenseUpdate\designer\impl1\audio_mss_fp\audio_mss.pdb' has
been loaded successfully.
DESIGN : audio_mss;  CHECKSUM : F1DA;  PDB_VERSION : 1.9
The 'update_programming_file' command succeeded.
The 'set_programming_action' command succeeded.
programmer '80258' : Scan Chain...
Warning: programmer '80258' : Vpump has been selected on programmer AND an externally provided
         Vpump has also been detected. Using externally provided Vpump voltage source.
programmer '80258' : Scan Chain PASSED.
programmer '80258' : Executing action PROGRAM
programmer '80258' : EXPORT FSN[48] = 014b3e645c68
programmer '80258' : Erase ...
programmer '80258' : Completed erase
programmer '80258' : EXPORT CHECKSUM[16] = f1da
programmer '80258' : Programming FPGA Array
programmer '80258' : Verifying FPGA Array
programmer '80258' :         Verifying FPGA Array -- pass
programmer '80258' : Program System Init and Boot Clients...
programmer '80258' : Verify System Init and Boot Clients...
programmer '80258' : Finished: Tue Apr 16 15:24:31 2019 (Elapsed time 00:00:35)
programmer '80258' : Executing action PROGRAM PASSED.

                        o - o - o - o - o - o

The 'run_selected_actions' command succeeded.
Project saved.
The 'save_project' command succeeded.
Project closed.
