
Starting:    C:\Microsemi\Libero_SoC_v11.9\SynplifyPro\bin64\mbin\synbatch.exe
Install:     C:\Microsemi\Libero_SoC_v11.9\SynplifyPro
Hostname:    EECS373-10
Date:        Fri Apr 12 12:41:23 2019
Version:     L-2016.09M-SP1-5

Arguments:   -product synplify_pro -licensetype synplifypro_actel -batch -log synplify.log audio_mss_syn.tcl
ProductType: synplify_pro

License checkout: synplifypro_actel
License: synplifypro_actel node-locked 
Licensed Vendor: actel
License Option: actel_oem

Running in Vendor Mode


auto_infer_blackbox is not supported in current product.

log file: "C:\Users\aybasha\Downloads\DigitalSixthSense_audioTest\synthesis\audio_mss.srr"

Running: synthesis in foreground



Running audio_mss_syn|synthesis


Running: compile (Compile) on audio_mss_syn|synthesis
# Fri Apr 12 12:41:23 2019


Running: compile_flow (Compile Process) on audio_mss_syn|synthesis
# Fri Apr 12 12:41:23 2019


Running: compiler (Compile Input) on audio_mss_syn|synthesis
# Fri Apr 12 12:41:23 2019

Copied C:\Users\aybasha\Downloads\DigitalSixthSense_audioTest\synthesis\synwork\audio_mss_comp.srs to C:\Users\aybasha\Downloads\DigitalSixthSense_audioTest\synthesis\audio_mss.srs


compiler completed
# Fri Apr 12 12:41:25 2019

Return Code: 0
Run Time:00h:00m:02s


Running: multi_srs_gen (Multi-srs Generator) on audio_mss_syn|synthesis
# Fri Apr 12 12:41:25 2019


multi_srs_gen completed
# Fri Apr 12 12:41:25 2019

Return Code: 0
Run Time:00h:00m:00s

Copied C:\Users\aybasha\Downloads\DigitalSixthSense_audioTest\synthesis\synwork\audio_mss_mult.srs to C:\Users\aybasha\Downloads\DigitalSixthSense_audioTest\synthesis\audio_mss.srs

Complete: Compile Process on audio_mss_syn|synthesis


Running: premap (Pre-mapping) on audio_mss_syn|synthesis
# Fri Apr 12 12:41:25 2019


premap completed
# Fri Apr 12 12:41:25 2019

Return Code: 0
Run Time:00h:00m:00s

Complete: Compile on audio_mss_syn|synthesis


Running: map (Map) on audio_mss_syn|synthesis
# Fri Apr 12 12:41:25 2019

License granted for 4 parallel jobs


Running: fpga_mapper (Map & Optimize) on audio_mss_syn|synthesis
# Fri Apr 12 12:41:25 2019

Copied C:\Users\aybasha\Downloads\DigitalSixthSense_audioTest\synthesis\synwork\audio_mss_m.srm to C:\Users\aybasha\Downloads\DigitalSixthSense_audioTest\synthesis\audio_mss.srm


fpga_mapper completed with warnings
# Fri Apr 12 12:41:26 2019

Return Code: 1
Run Time:00h:00m:01s

Complete: Map on audio_mss_syn|synthesis

Complete: Logic Synthesis on audio_mss_syn|synthesis

TCL script complete: "audio_mss_syn.tcl"

exit status=0

exit status=0

License checkin: synplifypro_actel

