Target Part: A2F200M3F_FBGA484_STD
Report for cell audio_mss.verilog
  Core Cell usage:
              cell count     area count*area
               GND     2      0.0        0.0
            MSSINT     6      0.0        0.0
           MSS_APB     1      0.0        0.0
           MSS_CCC     1      0.0        0.0
             RCOSC     1      0.0        0.0
               VCC     2      0.0        0.0


                   -----          ----------
             TOTAL    13                 0.0


  IO Cell usage:
              cell count
         BIBUF_MSS     2
   BIBUF_OPEND_MSS     4
             INBUF     1
           INBUF_A     1
         INBUF_MSS     4
            OUTBUF     5
          OUTBUF_A     1
        OUTBUF_MSS     2
       TRIBUFF_MSS     1
                   -----
             TOTAL    21


Core Cells         : 0 of 4608 (0%)
IO Cells           : 21

  RAM/ROM Usage Summary
Block Rams : 0 of 8 (0%)

